definitions: saureus.txt
3117 profiles
sourced from: http://pubmlst.org/data/profiles/saureus.txt

locus arcC
arcC.tfa
Sourced from http://pubmlst.org/data/alleles/saureus/arcC.tfa

locus aroE
aroE.tfa
Sourced from http://pubmlst.org/data/alleles/saureus/aroE.tfa

locus glpF
glpF.tfa
Sourced from http://pubmlst.org/data/alleles/saureus/glpF.tfa

locus gmk
gmk.tfa
Sourced from http://pubmlst.org/data/alleles/saureus/gmk.tfa

locus pta
pta.tfa
Sourced from http://pubmlst.org/data/alleles/saureus/pta.tfa

locus tpi
tpi.tfa
Sourced from http://pubmlst.org/data/alleles/saureus/tpi.tfa

locus yqiL
yqiL.tfa
Sourced from http://pubmlst.org/data/alleles/saureus/yqiL.tfa

all loci: Staphylococcus_aureus.fasta
