definitions: saureus.txt
2791 profiles
sourced from: http://pubmlst.org/data/profiles/saureus.txt

locus arcc
arcc.tfa
Sourced from http://pubmlst.org/data/alleles/saureus/arcc.tfa

locus aroe
aroe.tfa
Sourced from http://pubmlst.org/data/alleles/saureus/aroe.tfa

locus glpf
glpf.tfa
Sourced from http://pubmlst.org/data/alleles/saureus/glpf.tfa

locus gmk_
gmk_.tfa
Sourced from http://pubmlst.org/data/alleles/saureus/gmk_.tfa

locus pta_
pta_.tfa
Sourced from http://pubmlst.org/data/alleles/saureus/pta_.tfa

locus tpi_
tpi_.tfa
Sourced from http://pubmlst.org/data/alleles/saureus/tpi_.tfa

locus yqil
yqil.tfa
Sourced from http://pubmlst.org/data/alleles/saureus/yqil.tfa

all loci: Staphylococcus_aureus.fasta
